<?xml version="1.0" encoding="UTF-8"?>
<!-- Generated by org.testng.reporters.JUnitReportReporter -->
<testsuite hostname="DESKTOP-DASQTFU" name="runners.GeneralRunner" tests="1" failures="0" timestamp="4 Dec 2021 09:29:20 GMT" time="12.053" errors="0">
  <testcase name="runScenario" time="12.053" classname="runners.GeneralRunner"/>
</testsuite> <!-- runners.GeneralRunner -->
